0 info it worked if it ends with ok
1 verbose cli [ '/home/ag_user/.nvm/versions/node/v5.7.1/bin/node',
1 verbose cli   '/home/ag_user/.nvm/versions/node/v5.7.1/bin/npm',
1 verbose cli   'run',
1 verbose cli   'start' ]
2 info using npm@3.6.0
3 info using node@v5.7.1
4 verbose run-script [ 'prestart', 'start', 'poststart' ]
5 info lifecycle react@1.0.0~prestart: react@1.0.0
6 silly lifecycle react@1.0.0~prestart: no script for prestart, continuing
7 info lifecycle react@1.0.0~start: react@1.0.0
8 verbose lifecycle react@1.0.0~start: unsafe-perm in lifecycle true
9 verbose lifecycle react@1.0.0~start: PATH: /home/ag_user/.nvm/versions/node/v5.7.1/lib/node_modules/npm/bin/node-gyp-bin:/home/ag_user/projects/react-playground/node_modules/.bin:/opt/oracle/instantclient:/home/ag_user/.nvm/versions/node/v5.7.1/bin:/home/ag_user/bin:/usr/local/sbin:/usr/local/bin:/usr/sbin:/usr/bin:/sbin:/bin:/usr/games:/usr/local/games:/usr/lib/jvm/java-7-oracle/bin:/usr/lib/jvm/java-7-oracle/db/bin:/usr/lib/jvm/java-7-oracle/jre/bin
10 verbose lifecycle react@1.0.0~start: CWD: /home/ag_user/projects/react-playground
11 silly lifecycle react@1.0.0~start: Args: [ '-c', 'node server.js' ]
12 silly lifecycle react@1.0.0~start: Returned: code: 1  signal: null
13 info lifecycle react@1.0.0~start: Failed to exec start script
14 verbose stack Error: react@1.0.0 start: `node server.js`
14 verbose stack Exit status 1
14 verbose stack     at EventEmitter.<anonymous> (/home/ag_user/.nvm/versions/node/v5.7.1/lib/node_modules/npm/lib/utils/lifecycle.js:232:16)
14 verbose stack     at emitTwo (events.js:100:13)
14 verbose stack     at EventEmitter.emit (events.js:185:7)
14 verbose stack     at ChildProcess.<anonymous> (/home/ag_user/.nvm/versions/node/v5.7.1/lib/node_modules/npm/lib/utils/spawn.js:24:14)
14 verbose stack     at emitTwo (events.js:100:13)
14 verbose stack     at ChildProcess.emit (events.js:185:7)
14 verbose stack     at maybeClose (internal/child_process.js:827:16)
14 verbose stack     at Process.ChildProcess._handle.onexit (internal/child_process.js:211:5)
15 verbose pkgid react@1.0.0
16 verbose cwd /home/ag_user/projects/react-playground
17 error Linux 4.2.0-36-generic
18 error argv "/home/ag_user/.nvm/versions/node/v5.7.1/bin/node" "/home/ag_user/.nvm/versions/node/v5.7.1/bin/npm" "run" "start"
19 error node v5.7.1
20 error npm  v3.6.0
21 error code ELIFECYCLE
22 error react@1.0.0 start: `node server.js`
22 error Exit status 1
23 error Failed at the react@1.0.0 start script 'node server.js'.
23 error Make sure you have the latest version of node.js and npm installed.
23 error If you do, this is most likely a problem with the react package,
23 error not with npm itself.
23 error Tell the author that this fails on your system:
23 error     node server.js
23 error You can get information on how to open an issue for this project with:
23 error     npm bugs react
23 error Or if that isn't available, you can get their info via:
23 error     npm owner ls react
23 error There is likely additional logging output above.
24 verbose exit [ 1, true ]
